<?xml version="1.0" encoding="UTF-8"?>
<testng-results ignored="0" total="1" passed="1" failed="0" skipped="0">
  <reporter-output>
  </reporter-output>
  <suite started-at="2026-01-25T22:40:27 ICT" name="Default suite" finished-at="2026-01-25T22:40:44 ICT" duration-ms="17138">
    <groups>
    </groups>
    <test started-at="2026-01-25T22:40:27 ICT" name="Default test" finished-at="2026-01-25T22:40:44 ICT" duration-ms="17138">
      <class name="tests.CheckBoxTest">
        <test-method is-config="true" signature="openWeb()[pri:0, instance:tests.CheckBoxTest@139982de]" started-at="2026-01-25T22:40:27 ICT" name="openWeb" finished-at="2026-01-25T22:40:39 ICT" duration-ms="11483" status="PASS">
          <reporter-output>
          </reporter-output>
        </test-method> <!-- openWeb -->
        <test-method signature="sumbitDataSuccessfully()[pri:0, instance:tests.CheckBoxTest@139982de]" started-at="2026-01-25T22:40:39 ICT" name="sumbitDataSuccessfully" finished-at="2026-01-25T22:40:44 ICT" duration-ms="5572" status="PASS">
          <reporter-output>
          </reporter-output>
        </test-method> <!-- sumbitDataSuccessfully -->
      </class> <!-- tests.CheckBoxTest -->
    </test> <!-- Default test -->
  </suite> <!-- Default suite -->
</testng-results>
